<?xml version="1.0" encoding="UTF-8"?>
<!-- Generated by org.testng.reporters.JUnitReportReporter -->
<testsuite skipped="0" hostname="Vivian" name="support.Test1" tests="1" failures="0" timestamp="25 Aug 2018 08:04:00 GMT" time="42.989" errors="0">
  <testcase name="test1" time="42.989" classname="support.Test1"/>
</testsuite> <!-- support.Test1 -->
