<?xml version="1.0" encoding="UTF-8"?>
<!-- Generated by org.testng.reporters.JUnitReportReporter -->
<testsuite skipped="0" hostname="Vivian" name="testngDemo.Test1" tests="4" failures="0" timestamp="19 Aug 2018 09:26:10 GMT" time="0.032" errors="0">
  <testcase name="register" time="0.016" classname="testngDemo.Test1"/>
  <testcase name="login" time="0.003" classname="testngDemo.Test1"/>
  <testcase name="edit" time="0.012" classname="testngDemo.Test1"/>
  <testcase name="delete" time="0.001" classname="testngDemo.Test1"/>
</testsuite> <!-- testngDemo.Test1 -->
