<?xml version="1.0" encoding="UTF-8"?>
<!-- Generated by org.testng.reporters.JUnitReportReporter -->
<testsuite skipped="0" hostname="Vivian" name="testngDemo.TestNGDemo" tests="1" failures="0" timestamp="19 Aug 2018 08:58:35 GMT" time="0.010" errors="0">
  <testcase name="method" time="0.010" classname="testngDemo.TestNGDemo"/>
</testsuite> <!-- testngDemo.TestNGDemo -->
